============================================================================
HIGHWAYENV KARTHIKEYA27ADV8956V2 RETAINED-EVIDENCE SAFETY POLICY
============================================================================
Python: 3.11.15
PyTorch: 2.13.0+cu130
HighwayEnv: 1.12.0
Device: cuda
Experiments: Karthikeya27adv8956V2
Plain DQN + Target + Replay + Adam: yes
RND intrinsic reward: no
Count-based intrinsic reward: no
Frozen Pure-DQN testing only: yes
Train/Test/Max steps: 500 300 500
Training seeds: 76 through 575
Testing seeds: 100000 through 100299
Discrete actions: 9
Learning rate: 5e-05
Output directory: /home/karthik/Desktop/Karthikeya/genadv/highwayonly/highway_canonical_baselines_package/highway_canonical_baselines/policy_results/seed_76/Karthikeya27adv8956V2
Policy name: Karthikeya27adv8956V2
Initial combined active + retired pools: 500
Maximum permanent capacity: 500
Adaptive capacity formula applied: False
Pool general representation: full flattened observation
Pool safety representation: lane_boundary_clearance, nearest_collision_hazard_center_distance, absolute_lane_offset, absolute_heading_error, ego_speed_km_h
Unified record statuses: CANDIDATE | ACTIVE | RETIRED | HAZARD
Lookup: safety-strict HAZARD + ACTIVE -> RETIRED -> CANDIDATE
Testing policy: frozen pure DQN
Auto threshold calibration: True
Calibration state target: 3000
Candidate soft limit: 125
Candidate hard limit: 150
Candidate batch eviction count: 25
Candidate promotion visits: 4
Hazard-memory capacity: 125
Hazard-memory fraction: 0.25
Clean outcomes required for SAFE: 2
Delayed safety horizon: 5
Minimum progress reward for SAFE: 0.01
Warnings required to block: 2
First-pass priority: highest-Q SAFE, then UNKNOWN; BLOCKED excluded
Candidate centroid shift threshold: 0.01
Candidate stable updates: 2
Maximum candidate centroid updates: 4
Overwrite existing completed run: True
State similarity threshold: 0.9
Permanent RMS threshold: 0.2
Candidate cosine threshold: 0.9
Candidate RMS threshold: 0.25
General matching: RMS plus cosine when norms are stable
Normal general-match cosine/RMS relaxation: 0.02 0.02
Relaxed general matching keeps both safety gates strict: yes
Safety matching gate: RMS distance plus cosine when norms are stable
Capacity-pressure fallback: True
Capacity fallback scope: candidate hard limit, permanent capacity, or eviction
Capacity fallback cosine/RMS relaxation: 0.02 0.1
Capacity fallback safety improvement: 0.1
Directional safety: lane/threat larger; offset/heading smaller
Speed directional fallback requirement: no; strict gates only
Capacity-fallback safety gates relaxed: no
Pool representatives use adaptive centroid freezing: yes
Centroid shift threshold: 0.01
Consecutive stable updates required: 3
Maximum centroid updates per pool: 10
Centroid stability distance threshold: 0.1
Pool-active training fraction: 0.7
Final pure-DQN argmax training fraction: 0.30000000000000004
Final phase: pure DQN argmax; no pool lookup, safety extraction, or safety masks
Pool mutations disabled from episode: 350
Similarity metrics: cosine similarity + RMS distance
Pool lookup: preallocated vectorized linear matching
Representative storage dtype: float32
Replay sampling: indexed ring buffer, O(batch_size)
Test safety extraction: no (pure-DQN argmax only)
Available actions per new pool: 9
Candidate visits use outcome-filtered DQN ranking: yes
Candidate actions are recorded for mask initialization: yes
Promotion occurs before promotion-visit action selection: yes
Active initial pass: every eligible non-BLOCKED action once
Scheduled UNKNOWN-only passes: 1
UNKNOWN pass excludes BLOCKED actions: yes
Final UNKNOWN action waits for its five-step outcome: yes
Missing safety: skip pools and use fresh DQN argmax
Retired post-pass selection: 80% greedy, 20% UNKNOWN-only random
Post-pass greedy: highest-Q across SAFE and UNKNOWN
Post-pass random eligibility: UNKNOWN only; never SAFE or BLOCKED
No UNKNOWN on random draw: fall back to eligible DQN maximum
BLOCKED actions excluded while SAFE or UNKNOWN is available
All-BLOCKED fallback: least failures, then highest fresh DQN Q
Collision/out-of-road penalties: 50.0 50.0
Time-limit truncations bootstrap in replay: yes
Stored retired action values or rankings: no
Removal: clear selected bit in O(1)
Promotion and retirement: O(1) status-tag changes
Pass advance/retirement: after observing final transition
Absolute permanent capacity full: do not create new candidates; use maximum-Q
Availability mask refills: once, for the UNKNOWN-only pass
RMST event/tau: collision 500
============================================================================

===== TRAINING START: Karthikeya27adv8956V2 =====
TRAIN Karthikeya27adv8956V2 ep=025 reward=  -47.600 steps=  8 term=out_of_road collision=False wall=1.23s loss=8.683572
TRAIN Karthikeya27adv8956V2 ep=050 reward=  -47.500 steps=  7 term=out_of_road collision=False wall=1.10s loss=6.958263
TRAIN Karthikeya27adv8956V2 ep=075 reward=  -47.500 steps=  7 term=out_of_road collision=False wall=1.08s loss=6.564226
TRAIN Karthikeya27adv8956V2 ep=100 reward=  -49.900 steps=  3 term=out_of_road collision=False wall=0.48s loss=6.901722
TRAIN Karthikeya27adv8956V2 ep=125 reward=  -45.927 steps= 11 term=out_of_road collision=False wall=1.76s loss=7.349783
TRAIN Karthikeya27adv8956V2 ep=150 reward=  -46.744 steps=  9 term=out_of_road collision=False wall=1.39s loss=6.914576
TRAIN Karthikeya27adv8956V2 ep=175 reward=  -45.829 steps=  9 term=out_of_road collision=False wall=1.40s loss=6.996119
TRAIN Karthikeya27adv8956V2 ep=200 reward=  -46.229 steps=  9 term=out_of_road collision=False wall=1.41s loss=6.073263
TRAIN Karthikeya27adv8956V2 ep=225 reward=  -46.179 steps= 10 term=out_of_road collision=False wall=1.54s loss=3.490107
TRAIN Karthikeya27adv8956V2 ep=250 reward=  -46.179 steps= 10 term=out_of_road collision=False wall=1.56s loss=2.937853
TRAIN Karthikeya27adv8956V2 ep=275 reward=  -46.007 steps=  9 term=out_of_road collision=False wall=1.39s loss=2.404589
TRAIN Karthikeya27adv8956V2 ep=300 reward=  -45.182 steps= 10 term=out_of_road collision=False wall=1.56s loss=2.924360
TRAIN Karthikeya27adv8956V2 ep=325 reward=  -47.600 steps=  8 term=out_of_road collision=False wall=1.26s loss=2.951901
TRAIN Karthikeya27adv8956V2 ep=350 reward=  -46.481 steps=  8 term=out_of_road collision=False wall=1.26s loss=3.133078
TRAIN Karthikeya27adv8956V2 ep=375 reward=  -46.229 steps=  8 term=out_of_road collision=False wall=1.24s loss=2.623997
TRAIN Karthikeya27adv8956V2 ep=400 reward=  -47.041 steps=  8 term=out_of_road collision=False wall=1.23s loss=2.277262
TRAIN Karthikeya27adv8956V2 ep=425 reward=  -45.879 steps=  9 term=out_of_road collision=False wall=1.38s loss=3.346101
TRAIN Karthikeya27adv8956V2 ep=450 reward=  -47.600 steps=  8 term=out_of_road collision=False wall=1.23s loss=3.071653
TRAIN Karthikeya27adv8956V2 ep=475 reward=  -49.700 steps=  4 term=out_of_road collision=False wall=0.63s loss=3.763392
TRAIN Karthikeya27adv8956V2 ep=500 reward=  -47.600 steps=  8 term=out_of_road collision=False wall=1.28s loss=2.322430
===== TRAINING END: Karthikeya27adv8956V2 =====
Training duration: 1334.71s
Testing final episode-500 model with pure DQN

===== TESTING START: Karthikeya27adv8956V2 (pure DQN) =====
TEST  Karthikeya27adv8956V2 policy=pure DQN        ep=025 reward=  -47.600 steps=  8 term=out_of_road collision=False wall=1.23s
TEST  Karthikeya27adv8956V2 policy=pure DQN        ep=050 reward=  -49.700 steps=  4 term=out_of_road collision=False wall=0.61s
TEST  Karthikeya27adv8956V2 policy=pure DQN        ep=075 reward=  -46.991 steps=  8 term=out_of_road collision=False wall=1.24s
TEST  Karthikeya27adv8956V2 policy=pure DQN        ep=100 reward=  -50.000 steps=  1 term=out_of_road collision=False wall=0.17s
TEST  Karthikeya27adv8956V2 policy=pure DQN        ep=125 reward=  -49.800 steps=  3 term=out_of_road collision=False wall=0.46s
TEST  Karthikeya27adv8956V2 policy=pure DQN        ep=150 reward=  -47.600 steps=  8 term=out_of_road collision=False wall=1.22s
TEST  Karthikeya27adv8956V2 policy=pure DQN        ep=175 reward=  -46.991 steps=  8 term=out_of_road collision=False wall=1.22s
TEST  Karthikeya27adv8956V2 policy=pure DQN        ep=200 reward=  -45.829 steps=  9 term=out_of_road collision=False wall=1.38s
TEST  Karthikeya27adv8956V2 policy=pure DQN        ep=225 reward=  -49.600 steps=  5 term=out_of_road collision=False wall=0.77s
TEST  Karthikeya27adv8956V2 policy=pure DQN        ep=250 reward=  -45.829 steps=  9 term=out_of_road collision=False wall=1.39s
TEST  Karthikeya27adv8956V2 policy=pure DQN        ep=275 reward=  -47.341 steps=  8 term=out_of_road collision=False wall=1.21s
TEST  Karthikeya27adv8956V2 policy=pure DQN        ep=300 reward=  -50.000 steps=  1 term=out_of_road collision=False wall=0.17s
===== TESTING END: Karthikeya27adv8956V2 (pure DQN) =====
Testing duration: 869.29s

Experiment completed successfully.
Episode results: /home/karthik/Desktop/Karthikeya/genadv/highwayonly/highway_canonical_baselines_package/highway_canonical_baselines/policy_results/seed_76/Karthikeya27adv8956V2/all_episode_results.csv
Frozen test policy: pure-DQN argmax
Collision metrics: /home/karthik/Desktop/Karthikeya/genadv/highwayonly/highway_canonical_baselines_package/highway_canonical_baselines/policy_results/seed_76/Karthikeya27adv8956V2/collision_metrics.csv
Policy safety-stop metrics: /home/karthik/Desktop/Karthikeya/genadv/highwayonly/highway_canonical_baselines_package/highway_canonical_baselines/policy_results/seed_76/Karthikeya27adv8956V2/policy_safety_stop_metrics.csv
Pool statistics: /home/karthik/Desktop/Karthikeya/genadv/highwayonly/highway_canonical_baselines_package/highway_canonical_baselines/policy_results/seed_76/Karthikeya27adv8956V2/state_pool_statistics.csv
Pool summary: /home/karthik/Desktop/Karthikeya/genadv/highwayonly/highway_canonical_baselines_package/highway_canonical_baselines/policy_results/seed_76/Karthikeya27adv8956V2/state_pool_global_summary.csv
Candidate statistics: /home/karthik/Desktop/Karthikeya/genadv/highwayonly/highway_canonical_baselines_package/highway_canonical_baselines/policy_results/seed_76/Karthikeya27adv8956V2/state_candidate_statistics.csv
Evicted candidate history: /home/karthik/Desktop/Karthikeya/genadv/highwayonly/highway_canonical_baselines_package/highway_canonical_baselines/policy_results/seed_76/Karthikeya27adv8956V2/state_evicted_candidate_history.csv
Matching calibration: /home/karthik/Desktop/Karthikeya/genadv/highwayonly/highway_canonical_baselines_package/highway_canonical_baselines/policy_results/seed_76/Karthikeya27adv8956V2/state_matching_calibration.csv
Matching rejection statistics: /home/karthik/Desktop/Karthikeya/genadv/highwayonly/highway_canonical_baselines_package/highway_canonical_baselines/policy_results/seed_76/Karthikeya27adv8956V2/state_matching_rejection_statistics.csv
Capacity growth: /home/karthik/Desktop/Karthikeya/genadv/highwayonly/highway_canonical_baselines_package/highway_canonical_baselines/policy_results/seed_76/Karthikeya27adv8956V2/state_pool_capacity_growth.csv
Retired pool statistics: /home/karthik/Desktop/Karthikeya/genadv/highwayonly/highway_canonical_baselines_package/highway_canonical_baselines/policy_results/seed_76/Karthikeya27adv8956V2/state_retired_pool_statistics.csv
Hazard memory statistics: /home/karthik/Desktop/Karthikeya/genadv/highwayonly/highway_canonical_baselines_package/highway_canonical_baselines/policy_results/seed_76/Karthikeya27adv8956V2/state_hazard_memory_statistics.csv
Runtime statistics: /home/karthik/Desktop/Karthikeya/genadv/highwayonly/highway_canonical_baselines_package/highway_canonical_baselines/policy_results/seed_76/Karthikeya27adv8956V2/runtime_statistics.csv
Manifest: /home/karthik/Desktop/Karthikeya/genadv/highwayonly/highway_canonical_baselines_package/highway_canonical_baselines/policy_results/seed_76/Karthikeya27adv8956V2/manifest.json
Pool occupancy plot: /home/karthik/Desktop/Karthikeya/genadv/highwayonly/highway_canonical_baselines_package/highway_canonical_baselines/policy_results/seed_76/Karthikeya27adv8956V2/plots/state_pool_occupancy.png
Policy folder name: Karthikeya27adv8956V2
Results saved to: /home/karthik/Desktop/Karthikeya/genadv/highwayonly/highway_canonical_baselines_package/highway_canonical_baselines/policy_results/seed_76/Karthikeya27adv8956V2
