===== SEED 76: KARTHIKEYA27ADV8HIGHWAY START =====
============================================================================
HIGHWAYENV KARTHIKEYA27ADV8HIGHWAY RETAINED-EVIDENCE SAFETY POLICY
============================================================================
Python: 3.11.15
PyTorch: 2.13.0+cu130
HighwayEnv: 1.12.0
Device: cuda
Experiments: Karthikeya27adv8highway
Plain DQN + Target + Replay + Adam: yes
RND intrinsic reward: no
Count-based intrinsic reward: no
Frozen Pure-DQN testing only: yes
Train/Test/Max steps: 500 300 500
Training seeds: 76 through 575
Testing seeds: 100000 through 100299
Discrete actions: 9
Learning rate: 5e-05
Output directory: /home/karthik/Desktop/Karthikeya/genadv/highwayonly/highway_canonical_baselines_package/highway_canonical_baselines/policy_results/seed_76/Karthikeya27adv8highway
Policy name: Karthikeya27adv8highway
Initial combined active + retired pools: 500
Maximum permanent capacity: 500
Adaptive capacity formula applied: False
Pool general representation: full flattened observation
Pool safety representation: lane_boundary_clearance, nearest_collision_hazard_center_distance, absolute_lane_offset, absolute_heading_error, ego_speed_km_h
Unified record statuses: CANDIDATE | ACTIVE | RETIRED | HAZARD
Lookup: safety-strict HAZARD + ACTIVE -> RETIRED -> CANDIDATE
Testing policy: frozen pure DQN
Auto threshold calibration: True
Calibration state target: 500
Candidate soft limit: 250
Candidate hard limit: 300
Candidate batch eviction count: 50
Candidate promotion visits: 2
Hazard-memory capacity: 250
Hazard-memory fraction: 0.5
Clean outcomes required for SAFE: 1
Delayed safety horizon: 2
Minimum progress reward for SAFE: 0.0
Warnings required to block: 2
First-pass priority: highest-Q SAFE, then UNKNOWN; BLOCKED excluded
Candidate centroid shift threshold: 0.01
Candidate stable updates: 1
Maximum candidate centroid updates: 3
Overwrite existing completed run: False
State similarity threshold: 0.88
Permanent RMS threshold: 0.35
Candidate cosine threshold: 0.88
Candidate RMS threshold: 0.4
General matching: RMS plus cosine when norms are stable
Normal general-match cosine/RMS relaxation: 0.03 0.1
Relaxed general matching keeps both safety gates strict: yes
Safety matching gate: RMS distance plus cosine when norms are stable
Capacity-pressure fallback: True
Capacity fallback scope: candidate hard limit, permanent capacity, or eviction
Capacity fallback cosine/RMS relaxation: 0.03 0.2
Capacity fallback safety improvement: 0.05
Directional safety: lane/threat larger; offset/heading smaller
Speed directional fallback requirement: no; strict gates only
Capacity-fallback safety gates relaxed: no
Pool representatives use adaptive centroid freezing: yes
Centroid shift threshold: 0.01
Consecutive stable updates required: 2
Maximum centroid updates per pool: 6
Centroid stability distance threshold: 0.15
Pool-active training fraction: 0.9
Final pure-DQN argmax training fraction: 0.09999999999999998
Final phase: pure DQN argmax; no pool lookup, safety extraction, or safety masks
Pool mutations disabled from episode: 450
Similarity metrics: cosine similarity + RMS distance
Pool lookup: preallocated vectorized linear matching
Representative storage dtype: float32
Replay sampling: indexed ring buffer, O(batch_size)
Test safety extraction: no (pure-DQN argmax only)
Available actions per new pool: 9
Candidate visits use outcome-filtered DQN ranking: yes
Candidate actions are recorded for mask initialization: yes
Promotion occurs before promotion-visit action selection: yes
Active initial pass: every eligible non-BLOCKED action once
Scheduled UNKNOWN-only passes: 1
UNKNOWN pass excludes BLOCKED actions: yes
Final UNKNOWN action waits for its configured safety horizon: 2
Missing safety: skip pools and use fresh DQN argmax
Retired post-pass selection: 90% greedy, 10% UNKNOWN-only random
Post-pass greedy: highest-Q across SAFE and UNKNOWN
Post-pass random eligibility: UNKNOWN only; never SAFE or BLOCKED
No UNKNOWN on random draw: fall back to eligible DQN maximum
BLOCKED actions excluded while SAFE or UNKNOWN is available
All-BLOCKED fallback: least failures, then highest fresh DQN Q
Collision/out-of-road penalties: 50.0 50.0
Time-limit truncations bootstrap in replay: yes
Stored retired action values or rankings: no
Removal: clear selected bit in O(1)
Promotion and retirement: O(1) status-tag changes
Pass advance/retirement: after observing final transition
Absolute permanent capacity full: do not create new candidates; use maximum-Q
Availability mask refills: once, for the UNKNOWN-only pass
RMST event/tau: collision 500
============================================================================

===== TRAINING START: Karthikeya27adv8highway =====
TRAIN Karthikeya27adv8highway ep=025 reward=  -47.600 steps=  8 term=out_of_road collision=False wall=1.25s loss=8.683572
TRAIN Karthikeya27adv8highway ep=050 reward=  -47.500 steps=  7 term=out_of_road collision=False wall=1.09s loss=6.958263
TRAIN Karthikeya27adv8highway ep=075 reward=  -47.500 steps=  7 term=out_of_road collision=False wall=1.08s loss=7.126130
TRAIN Karthikeya27adv8highway ep=100 reward=  -49.950 steps=  2 term=out_of_road collision=False wall=0.32s loss=6.644614
TRAIN Karthikeya27adv8highway ep=125 reward=  -45.873 steps=  7 term=out_of_road collision=False wall=1.07s loss=9.065187
TRAIN Karthikeya27adv8highway ep=150 reward=  -49.350 steps=  3 term=out_of_road collision=False wall=0.47s loss=9.523137
TRAIN Karthikeya27adv8highway ep=175 reward=  -44.623 steps= 10 term=out_of_road collision=False wall=1.53s loss=8.692110
TRAIN Karthikeya27adv8highway ep=200 reward=  -45.873 steps=  7 term=out_of_road collision=False wall=1.09s loss=9.362462
TRAIN Karthikeya27adv8highway ep=225 reward=  -45.673 steps= 15 term=out_of_road collision=False wall=2.30s loss=8.355524
TRAIN Karthikeya27adv8highway ep=250 reward=  -48.000 steps=  3 term=collision   collision=True  wall=0.47s loss=6.464237
TRAIN Karthikeya27adv8highway ep=275 reward=  -45.673 steps=  8 term=out_of_road collision=False wall=1.24s loss=8.483668
TRAIN Karthikeya27adv8highway ep=300 reward=  -47.500 steps=  4 term=collision   collision=True  wall=0.63s loss=7.659243
TRAIN Karthikeya27adv8highway ep=325 reward=  -42.729 steps= 25 term=out_of_road collision=False wall=3.88s loss=7.665591
TRAIN Karthikeya27adv8highway ep=350 reward=  -48.319 steps=  3 term=collision   collision=True  wall=0.47s loss=7.349367
TRAIN Karthikeya27adv8highway ep=375 reward=  -46.212 steps= 10 term=out_of_road collision=False wall=1.59s loss=8.055049
TRAIN Karthikeya27adv8highway ep=400 reward=  -36.903 steps= 22 term=out_of_road collision=False wall=3.43s loss=8.004342
TRAIN Karthikeya27adv8highway ep=425 reward=  -47.300 steps=  4 term=collision   collision=True  wall=0.62s loss=7.274999
TRAIN Karthikeya27adv8highway ep=450 reward=  -43.900 steps=  6 term=collision   collision=True  wall=0.93s loss=8.820061
TRAIN Karthikeya27adv8highway ep=475 reward=  -45.600 steps=  4 term=collision   collision=True  wall=0.63s loss=7.631656
TRAIN Karthikeya27adv8highway ep=500 reward=  -44.500 steps=  5 term=collision   collision=True  wall=0.77s loss=7.921899
===== TRAINING END: Karthikeya27adv8highway =====
Training duration: 486.07s
Testing final episode-500 model with pure DQN

===== TESTING START: Karthikeya27adv8highway (pure DQN) =====
TEST  Karthikeya27adv8highway policy=pure DQN        ep=025 reward=  -43.400 steps=  6 term=collision   collision=True  wall=0.92s
TEST  Karthikeya27adv8highway policy=pure DQN        ep=050 reward=  -47.700 steps=  3 term=collision   collision=True  wall=0.45s
TEST  Karthikeya27adv8highway policy=pure DQN        ep=075 reward=  -47.850 steps=  3 term=collision   collision=True  wall=0.47s
TEST  Karthikeya27adv8highway policy=pure DQN        ep=100 reward=  -43.400 steps=  6 term=collision   collision=True  wall=0.92s
TEST  Karthikeya27adv8highway policy=pure DQN        ep=125 reward=  -45.600 steps=  4 term=collision   collision=True  wall=0.61s
TEST  Karthikeya27adv8highway policy=pure DQN        ep=150 reward=  -41.200 steps=  9 term=collision   collision=True  wall=1.37s
TEST  Karthikeya27adv8highway policy=pure DQN        ep=175 reward=  -46.850 steps=  3 term=collision   collision=True  wall=0.48s
TEST  Karthikeya27adv8highway policy=pure DQN        ep=200 reward=  -42.650 steps=  7 term=collision   collision=True  wall=1.07s
TEST  Karthikeya27adv8highway policy=pure DQN        ep=225 reward=  -46.600 steps=  4 term=collision   collision=True  wall=0.61s
TEST  Karthikeya27adv8highway policy=pure DQN        ep=250 reward=  -43.867 steps=  6 term=collision   collision=True  wall=0.93s
TEST  Karthikeya27adv8highway policy=pure DQN        ep=275 reward=  -48.000 steps=  3 term=collision   collision=True  wall=0.47s
TEST  Karthikeya27adv8highway policy=pure DQN        ep=300 reward=  -46.132 steps=  4 term=collision   collision=True  wall=0.61s
===== TESTING END: Karthikeya27adv8highway (pure DQN) =====
Testing duration: 242.53s

Experiment completed successfully.
Episode results: /home/karthik/Desktop/Karthikeya/genadv/highwayonly/highway_canonical_baselines_package/highway_canonical_baselines/policy_results/seed_76/Karthikeya27adv8highway/all_episode_results.csv
Frozen test policy: pure-DQN argmax
Collision metrics: /home/karthik/Desktop/Karthikeya/genadv/highwayonly/highway_canonical_baselines_package/highway_canonical_baselines/policy_results/seed_76/Karthikeya27adv8highway/collision_metrics.csv
Policy safety-stop metrics: /home/karthik/Desktop/Karthikeya/genadv/highwayonly/highway_canonical_baselines_package/highway_canonical_baselines/policy_results/seed_76/Karthikeya27adv8highway/policy_safety_stop_metrics.csv
Pool statistics: /home/karthik/Desktop/Karthikeya/genadv/highwayonly/highway_canonical_baselines_package/highway_canonical_baselines/policy_results/seed_76/Karthikeya27adv8highway/state_pool_statistics.csv
Pool summary: /home/karthik/Desktop/Karthikeya/genadv/highwayonly/highway_canonical_baselines_package/highway_canonical_baselines/policy_results/seed_76/Karthikeya27adv8highway/state_pool_global_summary.csv
Candidate statistics: /home/karthik/Desktop/Karthikeya/genadv/highwayonly/highway_canonical_baselines_package/highway_canonical_baselines/policy_results/seed_76/Karthikeya27adv8highway/state_candidate_statistics.csv
Evicted candidate history: /home/karthik/Desktop/Karthikeya/genadv/highwayonly/highway_canonical_baselines_package/highway_canonical_baselines/policy_results/seed_76/Karthikeya27adv8highway/state_evicted_candidate_history.csv
Matching calibration: /home/karthik/Desktop/Karthikeya/genadv/highwayonly/highway_canonical_baselines_package/highway_canonical_baselines/policy_results/seed_76/Karthikeya27adv8highway/state_matching_calibration.csv
Matching rejection statistics: /home/karthik/Desktop/Karthikeya/genadv/highwayonly/highway_canonical_baselines_package/highway_canonical_baselines/policy_results/seed_76/Karthikeya27adv8highway/state_matching_rejection_statistics.csv
Capacity growth: /home/karthik/Desktop/Karthikeya/genadv/highwayonly/highway_canonical_baselines_package/highway_canonical_baselines/policy_results/seed_76/Karthikeya27adv8highway/state_pool_capacity_growth.csv
Retired pool statistics: /home/karthik/Desktop/Karthikeya/genadv/highwayonly/highway_canonical_baselines_package/highway_canonical_baselines/policy_results/seed_76/Karthikeya27adv8highway/state_retired_pool_statistics.csv
Hazard memory statistics: /home/karthik/Desktop/Karthikeya/genadv/highwayonly/highway_canonical_baselines_package/highway_canonical_baselines/policy_results/seed_76/Karthikeya27adv8highway/state_hazard_memory_statistics.csv
Runtime statistics: /home/karthik/Desktop/Karthikeya/genadv/highwayonly/highway_canonical_baselines_package/highway_canonical_baselines/policy_results/seed_76/Karthikeya27adv8highway/runtime_statistics.csv
Manifest: /home/karthik/Desktop/Karthikeya/genadv/highwayonly/highway_canonical_baselines_package/highway_canonical_baselines/policy_results/seed_76/Karthikeya27adv8highway/manifest.json
Pool occupancy plot: /home/karthik/Desktop/Karthikeya/genadv/highwayonly/highway_canonical_baselines_package/highway_canonical_baselines/policy_results/seed_76/Karthikeya27adv8highway/plots/state_pool_occupancy.png
Policy folder name: Karthikeya27adv8highway
Results saved to: /home/karthik/Desktop/Karthikeya/genadv/highwayonly/highway_canonical_baselines_package/highway_canonical_baselines/policy_results/seed_76/Karthikeya27adv8highway
===== SEED 76: POLICY FINISHED =====
===== SEED 76: COMPARISON START =====
Timed baseline source: /home/karthik/Desktop/Karthikeya/genadv/highwayonly/highway_canonical_baselines_package/highway_canonical_baselines/canonical_baselines_timed/seed_76
Output directory: /home/karthik/Desktop/Karthikeya/genadv/highwayonly/highway_canonical_baselines_package/highway_canonical_baselines/comparisons/seed_76/Karthikeya27adv8highway_timed
Eight-graph compact comparison saved to: /home/karthik/Desktop/Karthikeya/genadv/highwayonly/highway_canonical_baselines_package/highway_canonical_baselines/comparisons/seed_76/Karthikeya27adv8highway_timed
===== SEED 76: COMPARISON FINISHED =====
===== SEED 17: KARTHIKEYA27ADV8HIGHWAY START =====
============================================================================
HIGHWAYENV KARTHIKEYA27ADV8HIGHWAY RETAINED-EVIDENCE SAFETY POLICY
============================================================================
Python: 3.11.15
PyTorch: 2.13.0+cu130
HighwayEnv: 1.12.0
Device: cuda
Experiments: Karthikeya27adv8highway
Plain DQN + Target + Replay + Adam: yes
RND intrinsic reward: no
Count-based intrinsic reward: no
Frozen Pure-DQN testing only: yes
Train/Test/Max steps: 500 300 500
Training seeds: 17 through 516
Testing seeds: 100000 through 100299
Discrete actions: 9
Learning rate: 5e-05
Output directory: /home/karthik/Desktop/Karthikeya/genadv/highwayonly/highway_canonical_baselines_package/highway_canonical_baselines/policy_results/seed_17/Karthikeya27adv8highway
Policy name: Karthikeya27adv8highway
Initial combined active + retired pools: 500
Maximum permanent capacity: 500
Adaptive capacity formula applied: False
Pool general representation: full flattened observation
Pool safety representation: lane_boundary_clearance, nearest_collision_hazard_center_distance, absolute_lane_offset, absolute_heading_error, ego_speed_km_h
Unified record statuses: CANDIDATE | ACTIVE | RETIRED | HAZARD
Lookup: safety-strict HAZARD + ACTIVE -> RETIRED -> CANDIDATE
Testing policy: frozen pure DQN
Auto threshold calibration: True
Calibration state target: 500
Candidate soft limit: 250
Candidate hard limit: 300
Candidate batch eviction count: 50
Candidate promotion visits: 2
Hazard-memory capacity: 250
Hazard-memory fraction: 0.5
Clean outcomes required for SAFE: 1
Delayed safety horizon: 2
Minimum progress reward for SAFE: 0.0
Warnings required to block: 2
First-pass priority: highest-Q SAFE, then UNKNOWN; BLOCKED excluded
Candidate centroid shift threshold: 0.01
Candidate stable updates: 1
Maximum candidate centroid updates: 3
Overwrite existing completed run: False
State similarity threshold: 0.88
Permanent RMS threshold: 0.35
Candidate cosine threshold: 0.88
Candidate RMS threshold: 0.4
General matching: RMS plus cosine when norms are stable
Normal general-match cosine/RMS relaxation: 0.03 0.1
Relaxed general matching keeps both safety gates strict: yes
Safety matching gate: RMS distance plus cosine when norms are stable
Capacity-pressure fallback: True
Capacity fallback scope: candidate hard limit, permanent capacity, or eviction
Capacity fallback cosine/RMS relaxation: 0.03 0.2
Capacity fallback safety improvement: 0.05
Directional safety: lane/threat larger; offset/heading smaller
Speed directional fallback requirement: no; strict gates only
Capacity-fallback safety gates relaxed: no
Pool representatives use adaptive centroid freezing: yes
Centroid shift threshold: 0.01
Consecutive stable updates required: 2
Maximum centroid updates per pool: 6
Centroid stability distance threshold: 0.15
Pool-active training fraction: 0.9
Final pure-DQN argmax training fraction: 0.09999999999999998
Final phase: pure DQN argmax; no pool lookup, safety extraction, or safety masks
Pool mutations disabled from episode: 450
Similarity metrics: cosine similarity + RMS distance
Pool lookup: preallocated vectorized linear matching
Representative storage dtype: float32
Replay sampling: indexed ring buffer, O(batch_size)
Test safety extraction: no (pure-DQN argmax only)
Available actions per new pool: 9
Candidate visits use outcome-filtered DQN ranking: yes
Candidate actions are recorded for mask initialization: yes
Promotion occurs before promotion-visit action selection: yes
Active initial pass: every eligible non-BLOCKED action once
Scheduled UNKNOWN-only passes: 1
UNKNOWN pass excludes BLOCKED actions: yes
Final UNKNOWN action waits for its configured safety horizon: 2
Missing safety: skip pools and use fresh DQN argmax
Retired post-pass selection: 90% greedy, 10% UNKNOWN-only random
Post-pass greedy: highest-Q across SAFE and UNKNOWN
Post-pass random eligibility: UNKNOWN only; never SAFE or BLOCKED
No UNKNOWN on random draw: fall back to eligible DQN maximum
BLOCKED actions excluded while SAFE or UNKNOWN is available
All-BLOCKED fallback: least failures, then highest fresh DQN Q
Collision/out-of-road penalties: 50.0 50.0
Time-limit truncations bootstrap in replay: yes
Stored retired action values or rankings: no
Removal: clear selected bit in O(1)
Promotion and retirement: O(1) status-tag changes
Pass advance/retirement: after observing final transition
Absolute permanent capacity full: do not create new candidates; use maximum-Q
Availability mask refills: once, for the UNKNOWN-only pass
RMST event/tau: collision 500
============================================================================

===== TRAINING START: Karthikeya27adv8highway =====
TRAIN Karthikeya27adv8highway ep=025 reward=  -49.900 steps=  2 term=out_of_road collision=False wall=0.32s loss=0.000000
TRAIN Karthikeya27adv8highway ep=050 reward=  -50.000 steps=  1 term=out_of_road collision=False wall=0.17s loss=31.765257
TRAIN Karthikeya27adv8highway ep=075 reward=  -42.100 steps= 14 term=collision   collision=True  wall=2.17s loss=23.597192
TRAIN Karthikeya27adv8highway ep=100 reward=  -47.500 steps=  6 term=out_of_road collision=False wall=0.94s loss=10.040423
TRAIN Karthikeya27adv8highway ep=125 reward=  -50.000 steps=  2 term=out_of_road collision=False wall=0.33s loss=13.506543
TRAIN Karthikeya27adv8highway ep=150 reward=  -49.950 steps=  2 term=out_of_road collision=False wall=0.33s loss=10.961094
TRAIN Karthikeya27adv8highway ep=175 reward=  -48.950 steps=  4 term=out_of_road collision=False wall=0.64s loss=12.257020
TRAIN Karthikeya27adv8highway ep=200 reward=  -48.523 steps=  2 term=collision   collision=True  wall=0.33s loss=9.951383
TRAIN Karthikeya27adv8highway ep=225 reward=  -48.250 steps=  5 term=out_of_road collision=False wall=0.79s loss=11.270853
TRAIN Karthikeya27adv8highway ep=250 reward=  -49.279 steps=  5 term=out_of_road collision=False wall=0.78s loss=11.062841
TRAIN Karthikeya27adv8highway ep=275 reward=  -48.500 steps=  4 term=out_of_road collision=False wall=0.64s loss=10.585700
TRAIN Karthikeya27adv8highway ep=300 reward=  -45.500 steps=  9 term=collision   collision=True  wall=1.40s loss=7.287257
TRAIN Karthikeya27adv8highway ep=325 reward=  -49.500 steps= 11 term=out_of_road collision=False wall=1.73s loss=7.164653
TRAIN Karthikeya27adv8highway ep=350 reward=  -48.000 steps=  3 term=collision   collision=True  wall=0.48s loss=7.016322
TRAIN Karthikeya27adv8highway ep=375 reward=  -48.000 steps=  3 term=collision   collision=True  wall=0.48s loss=6.729501
TRAIN Karthikeya27adv8highway ep=400 reward=  -47.900 steps=  3 term=out_of_road collision=False wall=0.49s loss=6.934484
TRAIN Karthikeya27adv8highway ep=425 reward=  -49.900 steps=  2 term=out_of_road collision=False wall=0.32s loss=9.154691
TRAIN Karthikeya27adv8highway ep=450 reward=  -46.976 steps= 10 term=out_of_road collision=False wall=1.59s loss=7.015707
TRAIN Karthikeya27adv8highway ep=475 reward=  -43.650 steps=  7 term=collision   collision=True  wall=1.10s loss=6.405576
TRAIN Karthikeya27adv8highway ep=500 reward=  -45.167 steps=  5 term=collision   collision=True  wall=0.78s loss=6.401803
===== TRAINING END: Karthikeya27adv8highway =====
Training duration: 466.51s
Testing final episode-500 model with pure DQN

===== TESTING START: Karthikeya27adv8highway (pure DQN) =====
TEST  Karthikeya27adv8highway policy=pure DQN        ep=025 reward=  -43.400 steps=  6 term=collision   collision=True  wall=0.93s
TEST  Karthikeya27adv8highway policy=pure DQN        ep=050 reward=  -47.700 steps=  3 term=collision   collision=True  wall=0.46s
TEST  Karthikeya27adv8highway policy=pure DQN        ep=075 reward=  -47.850 steps=  3 term=collision   collision=True  wall=0.47s
TEST  Karthikeya27adv8highway policy=pure DQN        ep=100 reward=  -43.400 steps=  6 term=collision   collision=True  wall=0.93s
TEST  Karthikeya27adv8highway policy=pure DQN        ep=125 reward=  -45.600 steps=  4 term=collision   collision=True  wall=0.61s
TEST  Karthikeya27adv8highway policy=pure DQN        ep=150 reward=  -32.400 steps= 16 term=collision   collision=True  wall=2.49s
TEST  Karthikeya27adv8highway policy=pure DQN        ep=175 reward=  -46.850 steps=  3 term=collision   collision=True  wall=0.48s
TEST  Karthikeya27adv8highway policy=pure DQN        ep=200 reward=  -42.600 steps=  8 term=collision   collision=True  wall=1.23s
TEST  Karthikeya27adv8highway policy=pure DQN        ep=225 reward=  -46.600 steps=  4 term=collision   collision=True  wall=0.63s
TEST  Karthikeya27adv8highway policy=pure DQN        ep=250 reward=  -43.867 steps=  6 term=collision   collision=True  wall=0.93s
TEST  Karthikeya27adv8highway policy=pure DQN        ep=275 reward=  -48.000 steps=  3 term=collision   collision=True  wall=0.47s
TEST  Karthikeya27adv8highway policy=pure DQN        ep=300 reward=  -46.132 steps=  4 term=collision   collision=True  wall=0.62s
===== TESTING END: Karthikeya27adv8highway (pure DQN) =====
Testing duration: 269.18s

Experiment completed successfully.
Episode results: /home/karthik/Desktop/Karthikeya/genadv/highwayonly/highway_canonical_baselines_package/highway_canonical_baselines/policy_results/seed_17/Karthikeya27adv8highway/all_episode_results.csv
Frozen test policy: pure-DQN argmax
Collision metrics: /home/karthik/Desktop/Karthikeya/genadv/highwayonly/highway_canonical_baselines_package/highway_canonical_baselines/policy_results/seed_17/Karthikeya27adv8highway/collision_metrics.csv
Policy safety-stop metrics: /home/karthik/Desktop/Karthikeya/genadv/highwayonly/highway_canonical_baselines_package/highway_canonical_baselines/policy_results/seed_17/Karthikeya27adv8highway/policy_safety_stop_metrics.csv
Pool statistics: /home/karthik/Desktop/Karthikeya/genadv/highwayonly/highway_canonical_baselines_package/highway_canonical_baselines/policy_results/seed_17/Karthikeya27adv8highway/state_pool_statistics.csv
Pool summary: /home/karthik/Desktop/Karthikeya/genadv/highwayonly/highway_canonical_baselines_package/highway_canonical_baselines/policy_results/seed_17/Karthikeya27adv8highway/state_pool_global_summary.csv
Candidate statistics: /home/karthik/Desktop/Karthikeya/genadv/highwayonly/highway_canonical_baselines_package/highway_canonical_baselines/policy_results/seed_17/Karthikeya27adv8highway/state_candidate_statistics.csv
Evicted candidate history: /home/karthik/Desktop/Karthikeya/genadv/highwayonly/highway_canonical_baselines_package/highway_canonical_baselines/policy_results/seed_17/Karthikeya27adv8highway/state_evicted_candidate_history.csv
Matching calibration: /home/karthik/Desktop/Karthikeya/genadv/highwayonly/highway_canonical_baselines_package/highway_canonical_baselines/policy_results/seed_17/Karthikeya27adv8highway/state_matching_calibration.csv
Matching rejection statistics: /home/karthik/Desktop/Karthikeya/genadv/highwayonly/highway_canonical_baselines_package/highway_canonical_baselines/policy_results/seed_17/Karthikeya27adv8highway/state_matching_rejection_statistics.csv
Capacity growth: /home/karthik/Desktop/Karthikeya/genadv/highwayonly/highway_canonical_baselines_package/highway_canonical_baselines/policy_results/seed_17/Karthikeya27adv8highway/state_pool_capacity_growth.csv
Retired pool statistics: /home/karthik/Desktop/Karthikeya/genadv/highwayonly/highway_canonical_baselines_package/highway_canonical_baselines/policy_results/seed_17/Karthikeya27adv8highway/state_retired_pool_statistics.csv
Hazard memory statistics: /home/karthik/Desktop/Karthikeya/genadv/highwayonly/highway_canonical_baselines_package/highway_canonical_baselines/policy_results/seed_17/Karthikeya27adv8highway/state_hazard_memory_statistics.csv
Runtime statistics: /home/karthik/Desktop/Karthikeya/genadv/highwayonly/highway_canonical_baselines_package/highway_canonical_baselines/policy_results/seed_17/Karthikeya27adv8highway/runtime_statistics.csv
Manifest: /home/karthik/Desktop/Karthikeya/genadv/highwayonly/highway_canonical_baselines_package/highway_canonical_baselines/policy_results/seed_17/Karthikeya27adv8highway/manifest.json
Pool occupancy plot: /home/karthik/Desktop/Karthikeya/genadv/highwayonly/highway_canonical_baselines_package/highway_canonical_baselines/policy_results/seed_17/Karthikeya27adv8highway/plots/state_pool_occupancy.png
Policy folder name: Karthikeya27adv8highway
Results saved to: /home/karthik/Desktop/Karthikeya/genadv/highwayonly/highway_canonical_baselines_package/highway_canonical_baselines/policy_results/seed_17/Karthikeya27adv8highway
===== SEED 17: POLICY FINISHED =====
===== SEED 17: COMPARISON START =====
Timed baseline source: /home/karthik/Desktop/Karthikeya/genadv/highwayonly/highway_canonical_baselines_package/highway_canonical_baselines/canonical_baselines_timed/seed_17
Output directory: /home/karthik/Desktop/Karthikeya/genadv/highwayonly/highway_canonical_baselines_package/highway_canonical_baselines/comparisons/seed_17/Karthikeya27adv8highway_timed
Eight-graph compact comparison saved to: /home/karthik/Desktop/Karthikeya/genadv/highwayonly/highway_canonical_baselines_package/highway_canonical_baselines/comparisons/seed_17/Karthikeya27adv8highway_timed
===== SEED 17: COMPARISON FINISHED =====
===== SEED 54: KARTHIKEYA27ADV8HIGHWAY START =====
============================================================================
HIGHWAYENV KARTHIKEYA27ADV8HIGHWAY RETAINED-EVIDENCE SAFETY POLICY
============================================================================
Python: 3.11.15
PyTorch: 2.13.0+cu130
HighwayEnv: 1.12.0
Device: cuda
Experiments: Karthikeya27adv8highway
Plain DQN + Target + Replay + Adam: yes
RND intrinsic reward: no
Count-based intrinsic reward: no
Frozen Pure-DQN testing only: yes
Train/Test/Max steps: 500 300 500
Training seeds: 54 through 553
Testing seeds: 100000 through 100299
Discrete actions: 9
Learning rate: 5e-05
Output directory: /home/karthik/Desktop/Karthikeya/genadv/highwayonly/highway_canonical_baselines_package/highway_canonical_baselines/policy_results/seed_54/Karthikeya27adv8highway
Policy name: Karthikeya27adv8highway
Initial combined active + retired pools: 500
Maximum permanent capacity: 500
Adaptive capacity formula applied: False
Pool general representation: full flattened observation
Pool safety representation: lane_boundary_clearance, nearest_collision_hazard_center_distance, absolute_lane_offset, absolute_heading_error, ego_speed_km_h
Unified record statuses: CANDIDATE | ACTIVE | RETIRED | HAZARD
Lookup: safety-strict HAZARD + ACTIVE -> RETIRED -> CANDIDATE
Testing policy: frozen pure DQN
Auto threshold calibration: True
Calibration state target: 500
Candidate soft limit: 250
Candidate hard limit: 300
Candidate batch eviction count: 50
Candidate promotion visits: 2
Hazard-memory capacity: 250
Hazard-memory fraction: 0.5
Clean outcomes required for SAFE: 1
Delayed safety horizon: 2
Minimum progress reward for SAFE: 0.0
Warnings required to block: 2
First-pass priority: highest-Q SAFE, then UNKNOWN; BLOCKED excluded
Candidate centroid shift threshold: 0.01
Candidate stable updates: 1
Maximum candidate centroid updates: 3
Overwrite existing completed run: False
State similarity threshold: 0.88
Permanent RMS threshold: 0.35
Candidate cosine threshold: 0.88
Candidate RMS threshold: 0.4
General matching: RMS plus cosine when norms are stable
Normal general-match cosine/RMS relaxation: 0.03 0.1
Relaxed general matching keeps both safety gates strict: yes
Safety matching gate: RMS distance plus cosine when norms are stable
Capacity-pressure fallback: True
Capacity fallback scope: candidate hard limit, permanent capacity, or eviction
Capacity fallback cosine/RMS relaxation: 0.03 0.2
Capacity fallback safety improvement: 0.05
Directional safety: lane/threat larger; offset/heading smaller
Speed directional fallback requirement: no; strict gates only
Capacity-fallback safety gates relaxed: no
Pool representatives use adaptive centroid freezing: yes
Centroid shift threshold: 0.01
Consecutive stable updates required: 2
Maximum centroid updates per pool: 6
Centroid stability distance threshold: 0.15
Pool-active training fraction: 0.9
Final pure-DQN argmax training fraction: 0.09999999999999998
Final phase: pure DQN argmax; no pool lookup, safety extraction, or safety masks
Pool mutations disabled from episode: 450
Similarity metrics: cosine similarity + RMS distance
Pool lookup: preallocated vectorized linear matching
Representative storage dtype: float32
Replay sampling: indexed ring buffer, O(batch_size)
Test safety extraction: no (pure-DQN argmax only)
Available actions per new pool: 9
Candidate visits use outcome-filtered DQN ranking: yes
Candidate actions are recorded for mask initialization: yes
Promotion occurs before promotion-visit action selection: yes
Active initial pass: every eligible non-BLOCKED action once
Scheduled UNKNOWN-only passes: 1
UNKNOWN pass excludes BLOCKED actions: yes
Final UNKNOWN action waits for its configured safety horizon: 2
Missing safety: skip pools and use fresh DQN argmax
Retired post-pass selection: 90% greedy, 10% UNKNOWN-only random
Post-pass greedy: highest-Q across SAFE and UNKNOWN
Post-pass random eligibility: UNKNOWN only; never SAFE or BLOCKED
No UNKNOWN on random draw: fall back to eligible DQN maximum
BLOCKED actions excluded while SAFE or UNKNOWN is available
All-BLOCKED fallback: least failures, then highest fresh DQN Q
Collision/out-of-road penalties: 50.0 50.0
Time-limit truncations bootstrap in replay: yes
Stored retired action values or rankings: no
Removal: clear selected bit in O(1)
Promotion and retirement: O(1) status-tag changes
Pass advance/retirement: after observing final transition
Absolute permanent capacity full: do not create new candidates; use maximum-Q
Availability mask refills: once, for the UNKNOWN-only pass
RMST event/tau: collision 500
============================================================================

===== TRAINING START: Karthikeya27adv8highway =====
TRAIN Karthikeya27adv8highway ep=025 reward=  -49.950 steps=  2 term=out_of_road collision=False wall=0.31s loss=0.000000
TRAIN Karthikeya27adv8highway ep=050 reward=  -33.667 steps= 30 term=collision   collision=True  wall=4.61s loss=11.123684
TRAIN Karthikeya27adv8highway ep=075 reward=  -37.000 steps= 15 term=collision   collision=True  wall=2.36s loss=4.765915
TRAIN Karthikeya27adv8highway ep=100 reward=  -49.950 steps=  2 term=out_of_road collision=False wall=0.32s loss=5.681499
TRAIN Karthikeya27adv8highway ep=125 reward=  -50.000 steps=  1 term=out_of_road collision=False wall=0.17s loss=8.787835
TRAIN Karthikeya27adv8highway ep=150 reward=  -48.000 steps=  3 term=collision   collision=True  wall=0.47s loss=7.803784
TRAIN Karthikeya27adv8highway ep=175 reward=  -49.900 steps=  2 term=out_of_road collision=False wall=0.32s loss=6.749298
TRAIN Karthikeya27adv8highway ep=200 reward=  -45.800 steps=  5 term=collision   collision=True  wall=0.78s loss=8.914856
TRAIN Karthikeya27adv8highway ep=225 reward=  -47.900 steps=  4 term=out_of_road collision=False wall=0.62s loss=9.487516
TRAIN Karthikeya27adv8highway ep=250 reward=  -45.386 steps=  6 term=out_of_road collision=False wall=0.94s loss=7.162852
TRAIN Karthikeya27adv8highway ep=275 reward=  -46.000 steps=  5 term=out_of_road collision=False wall=0.77s loss=5.248717
TRAIN Karthikeya27adv8highway ep=300 reward=  -46.996 steps=  5 term=out_of_road collision=False wall=0.77s loss=3.909733
TRAIN Karthikeya27adv8highway ep=325 reward=  -49.900 steps=  2 term=out_of_road collision=False wall=0.32s loss=5.745418
TRAIN Karthikeya27adv8highway ep=350 reward=  -41.600 steps=  8 term=collision   collision=True  wall=1.23s loss=5.998786
TRAIN Karthikeya27adv8highway ep=375 reward=  -47.355 steps=  5 term=out_of_road collision=False wall=0.78s loss=6.515823
TRAIN Karthikeya27adv8highway ep=400 reward=  -46.500 steps=  6 term=collision   collision=True  wall=0.95s loss=6.003826
TRAIN Karthikeya27adv8highway ep=425 reward=  -45.384 steps= 10 term=out_of_road collision=False wall=1.56s loss=5.861041
TRAIN Karthikeya27adv8highway ep=450 reward=  -46.500 steps=  5 term=collision   collision=True  wall=0.78s loss=6.830377
TRAIN Karthikeya27adv8highway ep=475 reward=  -46.994 steps=  4 term=collision   collision=True  wall=0.63s loss=7.987342
TRAIN Karthikeya27adv8highway ep=500 reward=  -45.800 steps=  4 term=collision   collision=True  wall=0.62s loss=7.231316
===== TRAINING END: Karthikeya27adv8highway =====
Training duration: 592.20s
Testing final episode-500 model with pure DQN

===== TESTING START: Karthikeya27adv8highway (pure DQN) =====
TEST  Karthikeya27adv8highway policy=pure DQN        ep=025 reward=  -43.400 steps=  6 term=collision   collision=True  wall=0.92s
TEST  Karthikeya27adv8highway policy=pure DQN        ep=050 reward=  -47.700 steps=  3 term=collision   collision=True  wall=0.46s
TEST  Karthikeya27adv8highway policy=pure DQN        ep=075 reward=  -47.850 steps=  3 term=collision   collision=True  wall=0.46s
TEST  Karthikeya27adv8highway policy=pure DQN        ep=100 reward=  -43.400 steps=  6 term=collision   collision=True  wall=0.92s
TEST  Karthikeya27adv8highway policy=pure DQN        ep=125 reward=  -45.600 steps=  4 term=collision   collision=True  wall=0.61s
TEST  Karthikeya27adv8highway policy=pure DQN        ep=150 reward=  -32.400 steps= 16 term=collision   collision=True  wall=2.46s
TEST  Karthikeya27adv8highway policy=pure DQN        ep=175 reward=  -46.850 steps=  3 term=collision   collision=True  wall=0.47s
TEST  Karthikeya27adv8highway policy=pure DQN        ep=200 reward=  -42.650 steps=  7 term=collision   collision=True  wall=1.08s
TEST  Karthikeya27adv8highway policy=pure DQN        ep=225 reward=  -46.600 steps=  4 term=collision   collision=True  wall=0.61s
TEST  Karthikeya27adv8highway policy=pure DQN        ep=250 reward=  -43.867 steps=  6 term=collision   collision=True  wall=0.92s
TEST  Karthikeya27adv8highway policy=pure DQN        ep=275 reward=  -48.000 steps=  3 term=collision   collision=True  wall=0.47s
TEST  Karthikeya27adv8highway policy=pure DQN        ep=300 reward=  -46.132 steps=  4 term=collision   collision=True  wall=0.62s
===== TESTING END: Karthikeya27adv8highway (pure DQN) =====
Testing duration: 260.79s

Experiment completed successfully.
Episode results: /home/karthik/Desktop/Karthikeya/genadv/highwayonly/highway_canonical_baselines_package/highway_canonical_baselines/policy_results/seed_54/Karthikeya27adv8highway/all_episode_results.csv
Frozen test policy: pure-DQN argmax
Collision metrics: /home/karthik/Desktop/Karthikeya/genadv/highwayonly/highway_canonical_baselines_package/highway_canonical_baselines/policy_results/seed_54/Karthikeya27adv8highway/collision_metrics.csv
Policy safety-stop metrics: /home/karthik/Desktop/Karthikeya/genadv/highwayonly/highway_canonical_baselines_package/highway_canonical_baselines/policy_results/seed_54/Karthikeya27adv8highway/policy_safety_stop_metrics.csv
Pool statistics: /home/karthik/Desktop/Karthikeya/genadv/highwayonly/highway_canonical_baselines_package/highway_canonical_baselines/policy_results/seed_54/Karthikeya27adv8highway/state_pool_statistics.csv
Pool summary: /home/karthik/Desktop/Karthikeya/genadv/highwayonly/highway_canonical_baselines_package/highway_canonical_baselines/policy_results/seed_54/Karthikeya27adv8highway/state_pool_global_summary.csv
Candidate statistics: /home/karthik/Desktop/Karthikeya/genadv/highwayonly/highway_canonical_baselines_package/highway_canonical_baselines/policy_results/seed_54/Karthikeya27adv8highway/state_candidate_statistics.csv
Evicted candidate history: /home/karthik/Desktop/Karthikeya/genadv/highwayonly/highway_canonical_baselines_package/highway_canonical_baselines/policy_results/seed_54/Karthikeya27adv8highway/state_evicted_candidate_history.csv
Matching calibration: /home/karthik/Desktop/Karthikeya/genadv/highwayonly/highway_canonical_baselines_package/highway_canonical_baselines/policy_results/seed_54/Karthikeya27adv8highway/state_matching_calibration.csv
Matching rejection statistics: /home/karthik/Desktop/Karthikeya/genadv/highwayonly/highway_canonical_baselines_package/highway_canonical_baselines/policy_results/seed_54/Karthikeya27adv8highway/state_matching_rejection_statistics.csv
Capacity growth: /home/karthik/Desktop/Karthikeya/genadv/highwayonly/highway_canonical_baselines_package/highway_canonical_baselines/policy_results/seed_54/Karthikeya27adv8highway/state_pool_capacity_growth.csv
Retired pool statistics: /home/karthik/Desktop/Karthikeya/genadv/highwayonly/highway_canonical_baselines_package/highway_canonical_baselines/policy_results/seed_54/Karthikeya27adv8highway/state_retired_pool_statistics.csv
Hazard memory statistics: /home/karthik/Desktop/Karthikeya/genadv/highwayonly/highway_canonical_baselines_package/highway_canonical_baselines/policy_results/seed_54/Karthikeya27adv8highway/state_hazard_memory_statistics.csv
Runtime statistics: /home/karthik/Desktop/Karthikeya/genadv/highwayonly/highway_canonical_baselines_package/highway_canonical_baselines/policy_results/seed_54/Karthikeya27adv8highway/runtime_statistics.csv
Manifest: /home/karthik/Desktop/Karthikeya/genadv/highwayonly/highway_canonical_baselines_package/highway_canonical_baselines/policy_results/seed_54/Karthikeya27adv8highway/manifest.json
Pool occupancy plot: /home/karthik/Desktop/Karthikeya/genadv/highwayonly/highway_canonical_baselines_package/highway_canonical_baselines/policy_results/seed_54/Karthikeya27adv8highway/plots/state_pool_occupancy.png
Policy folder name: Karthikeya27adv8highway
Results saved to: /home/karthik/Desktop/Karthikeya/genadv/highwayonly/highway_canonical_baselines_package/highway_canonical_baselines/policy_results/seed_54/Karthikeya27adv8highway
===== SEED 54: POLICY FINISHED =====
===== SEED 54: COMPARISON START =====
Timed baseline source: /home/karthik/Desktop/Karthikeya/genadv/highwayonly/highway_canonical_baselines_package/highway_canonical_baselines/canonical_baselines_timed/seed_54
Output directory: /home/karthik/Desktop/Karthikeya/genadv/highwayonly/highway_canonical_baselines_package/highway_canonical_baselines/comparisons/seed_54/Karthikeya27adv8highway_timed
Eight-graph compact comparison saved to: /home/karthik/Desktop/Karthikeya/genadv/highwayonly/highway_canonical_baselines_package/highway_canonical_baselines/comparisons/seed_54/Karthikeya27adv8highway_timed
===== SEED 54: COMPARISON FINISHED =====
===== SEED 3: KARTHIKEYA27ADV8HIGHWAY START =====
============================================================================
HIGHWAYENV KARTHIKEYA27ADV8HIGHWAY RETAINED-EVIDENCE SAFETY POLICY
============================================================================
Python: 3.11.15
PyTorch: 2.13.0+cu130
HighwayEnv: 1.12.0
Device: cuda
Experiments: Karthikeya27adv8highway
Plain DQN + Target + Replay + Adam: yes
RND intrinsic reward: no
Count-based intrinsic reward: no
Frozen Pure-DQN testing only: yes
Train/Test/Max steps: 500 300 500
Training seeds: 3 through 502
Testing seeds: 100000 through 100299
Discrete actions: 9
Learning rate: 5e-05
Output directory: /home/karthik/Desktop/Karthikeya/genadv/highwayonly/highway_canonical_baselines_package/highway_canonical_baselines/policy_results/seed_3/Karthikeya27adv8highway
Policy name: Karthikeya27adv8highway
Initial combined active + retired pools: 500
Maximum permanent capacity: 500
Adaptive capacity formula applied: False
Pool general representation: full flattened observation
Pool safety representation: lane_boundary_clearance, nearest_collision_hazard_center_distance, absolute_lane_offset, absolute_heading_error, ego_speed_km_h
Unified record statuses: CANDIDATE | ACTIVE | RETIRED | HAZARD
Lookup: safety-strict HAZARD + ACTIVE -> RETIRED -> CANDIDATE
Testing policy: frozen pure DQN
Auto threshold calibration: True
Calibration state target: 500
Candidate soft limit: 250
Candidate hard limit: 300
Candidate batch eviction count: 50
Candidate promotion visits: 2
Hazard-memory capacity: 250
Hazard-memory fraction: 0.5
Clean outcomes required for SAFE: 1
Delayed safety horizon: 2
Minimum progress reward for SAFE: 0.0
Warnings required to block: 2
First-pass priority: highest-Q SAFE, then UNKNOWN; BLOCKED excluded
Candidate centroid shift threshold: 0.01
Candidate stable updates: 1
Maximum candidate centroid updates: 3
Overwrite existing completed run: False
State similarity threshold: 0.88
Permanent RMS threshold: 0.35
Candidate cosine threshold: 0.88
Candidate RMS threshold: 0.4
General matching: RMS plus cosine when norms are stable
Normal general-match cosine/RMS relaxation: 0.03 0.1
Relaxed general matching keeps both safety gates strict: yes
Safety matching gate: RMS distance plus cosine when norms are stable
Capacity-pressure fallback: True
Capacity fallback scope: candidate hard limit, permanent capacity, or eviction
Capacity fallback cosine/RMS relaxation: 0.03 0.2
Capacity fallback safety improvement: 0.05
Directional safety: lane/threat larger; offset/heading smaller
Speed directional fallback requirement: no; strict gates only
Capacity-fallback safety gates relaxed: no
Pool representatives use adaptive centroid freezing: yes
Centroid shift threshold: 0.01
Consecutive stable updates required: 2
Maximum centroid updates per pool: 6
Centroid stability distance threshold: 0.15
Pool-active training fraction: 0.9
Final pure-DQN argmax training fraction: 0.09999999999999998
Final phase: pure DQN argmax; no pool lookup, safety extraction, or safety masks
Pool mutations disabled from episode: 450
Similarity metrics: cosine similarity + RMS distance
Pool lookup: preallocated vectorized linear matching
Representative storage dtype: float32
Replay sampling: indexed ring buffer, O(batch_size)
Test safety extraction: no (pure-DQN argmax only)
Available actions per new pool: 9
Candidate visits use outcome-filtered DQN ranking: yes
Candidate actions are recorded for mask initialization: yes
Promotion occurs before promotion-visit action selection: yes
Active initial pass: every eligible non-BLOCKED action once
Scheduled UNKNOWN-only passes: 1
UNKNOWN pass excludes BLOCKED actions: yes
Final UNKNOWN action waits for its configured safety horizon: 2
Missing safety: skip pools and use fresh DQN argmax
Retired post-pass selection: 90% greedy, 10% UNKNOWN-only random
Post-pass greedy: highest-Q across SAFE and UNKNOWN
Post-pass random eligibility: UNKNOWN only; never SAFE or BLOCKED
No UNKNOWN on random draw: fall back to eligible DQN maximum
BLOCKED actions excluded while SAFE or UNKNOWN is available
All-BLOCKED fallback: least failures, then highest fresh DQN Q
Collision/out-of-road penalties: 50.0 50.0
Time-limit truncations bootstrap in replay: yes
Stored retired action values or rankings: no
Removal: clear selected bit in O(1)
Promotion and retirement: O(1) status-tag changes
Pass advance/retirement: after observing final transition
Absolute permanent capacity full: do not create new candidates; use maximum-Q
Availability mask refills: once, for the UNKNOWN-only pass
RMST event/tau: collision 500
============================================================================

===== TRAINING START: Karthikeya27adv8highway =====
TRAIN Karthikeya27adv8highway ep=025 reward=  -50.000 steps=  1 term=out_of_road collision=False wall=0.16s loss=0.000000
TRAIN Karthikeya27adv8highway ep=050 reward=  -50.000 steps=  1 term=out_of_road collision=False wall=0.17s loss=22.493397
TRAIN Karthikeya27adv8highway ep=075 reward=  -47.700 steps=  8 term=out_of_road collision=False wall=1.26s loss=14.648804
TRAIN Karthikeya27adv8highway ep=100 reward=  -47.900 steps=  7 term=out_of_road collision=False wall=1.10s loss=11.552762
TRAIN Karthikeya27adv8highway ep=125 reward=  -41.400 steps= 12 term=out_of_road collision=False wall=1.90s loss=12.065811
TRAIN Karthikeya27adv8highway ep=150 reward=  -50.000 steps=  1 term=out_of_road collision=False wall=0.17s loss=10.083261
TRAIN Karthikeya27adv8highway ep=175 reward=  -45.756 steps=  9 term=out_of_road collision=False wall=1.41s loss=11.427441
TRAIN Karthikeya27adv8highway ep=200 reward=  -49.900 steps=  3 term=out_of_road collision=False wall=0.50s loss=13.401935
TRAIN Karthikeya27adv8highway ep=225 reward=  -48.900 steps=  4 term=out_of_road collision=False wall=0.62s loss=11.228850
TRAIN Karthikeya27adv8highway ep=250 reward=  -41.200 steps=  8 term=collision   collision=True  wall=1.24s loss=11.758123
TRAIN Karthikeya27adv8highway ep=275 reward=  -47.000 steps=  4 term=collision   collision=True  wall=0.64s loss=12.930682
TRAIN Karthikeya27adv8highway ep=300 reward=  -47.188 steps=  3 term=collision   collision=True  wall=0.49s loss=11.833278
TRAIN Karthikeya27adv8highway ep=325 reward=  -45.800 steps=  4 term=collision   collision=True  wall=0.66s loss=12.093073
TRAIN Karthikeya27adv8highway ep=350 reward=  -45.500 steps=  6 term=collision   collision=True  wall=0.98s loss=9.599106
TRAIN Karthikeya27adv8highway ep=375 reward=  -45.773 steps=  6 term=out_of_road collision=False wall=0.96s loss=10.322426
TRAIN Karthikeya27adv8highway ep=400 reward=  -40.456 steps=  9 term=collision   collision=True  wall=1.44s loss=11.026826
TRAIN Karthikeya27adv8highway ep=425 reward=  -41.100 steps=  9 term=collision   collision=True  wall=1.42s loss=9.170453
TRAIN Karthikeya27adv8highway ep=450 reward=  -42.267 steps=  8 term=collision   collision=True  wall=1.29s loss=9.297508
TRAIN Karthikeya27adv8highway ep=475 reward=  -44.700 steps=  6 term=collision   collision=True  wall=0.95s loss=10.576861
TRAIN Karthikeya27adv8highway ep=500 reward=  -48.000 steps=  2 term=collision   collision=True  wall=0.32s loss=11.036969
===== TRAINING END: Karthikeya27adv8highway =====
Training duration: 401.33s
Testing final episode-500 model with pure DQN

===== TESTING START: Karthikeya27adv8highway (pure DQN) =====
TEST  Karthikeya27adv8highway policy=pure DQN        ep=025 reward=  -43.400 steps=  6 term=collision   collision=True  wall=0.92s
TEST  Karthikeya27adv8highway policy=pure DQN        ep=050 reward=  -47.700 steps=  3 term=collision   collision=True  wall=0.47s
TEST  Karthikeya27adv8highway policy=pure DQN        ep=075 reward=  -47.850 steps=  3 term=collision   collision=True  wall=0.46s
TEST  Karthikeya27adv8highway policy=pure DQN        ep=100 reward=  -43.400 steps=  6 term=collision   collision=True  wall=0.92s
TEST  Karthikeya27adv8highway policy=pure DQN        ep=125 reward=  -45.600 steps=  4 term=collision   collision=True  wall=0.61s
TEST  Karthikeya27adv8highway policy=pure DQN        ep=150 reward=  -43.928 steps=  6 term=collision   collision=True  wall=0.92s
TEST  Karthikeya27adv8highway policy=pure DQN        ep=175 reward=  -46.850 steps=  3 term=collision   collision=True  wall=0.48s
TEST  Karthikeya27adv8highway policy=pure DQN        ep=200 reward=  -42.650 steps=  7 term=collision   collision=True  wall=1.08s
TEST  Karthikeya27adv8highway policy=pure DQN        ep=225 reward=  -46.600 steps=  4 term=collision   collision=True  wall=0.61s
TEST  Karthikeya27adv8highway policy=pure DQN        ep=250 reward=  -43.867 steps=  6 term=collision   collision=True  wall=0.92s
TEST  Karthikeya27adv8highway policy=pure DQN        ep=275 reward=  -48.000 steps=  3 term=collision   collision=True  wall=0.47s
TEST  Karthikeya27adv8highway policy=pure DQN        ep=300 reward=  -46.132 steps=  4 term=collision   collision=True  wall=0.62s
===== TESTING END: Karthikeya27adv8highway (pure DQN) =====
Testing duration: 242.41s

Experiment completed successfully.
Episode results: /home/karthik/Desktop/Karthikeya/genadv/highwayonly/highway_canonical_baselines_package/highway_canonical_baselines/policy_results/seed_3/Karthikeya27adv8highway/all_episode_results.csv
Frozen test policy: pure-DQN argmax
Collision metrics: /home/karthik/Desktop/Karthikeya/genadv/highwayonly/highway_canonical_baselines_package/highway_canonical_baselines/policy_results/seed_3/Karthikeya27adv8highway/collision_metrics.csv
Policy safety-stop metrics: /home/karthik/Desktop/Karthikeya/genadv/highwayonly/highway_canonical_baselines_package/highway_canonical_baselines/policy_results/seed_3/Karthikeya27adv8highway/policy_safety_stop_metrics.csv
Pool statistics: /home/karthik/Desktop/Karthikeya/genadv/highwayonly/highway_canonical_baselines_package/highway_canonical_baselines/policy_results/seed_3/Karthikeya27adv8highway/state_pool_statistics.csv
Pool summary: /home/karthik/Desktop/Karthikeya/genadv/highwayonly/highway_canonical_baselines_package/highway_canonical_baselines/policy_results/seed_3/Karthikeya27adv8highway/state_pool_global_summary.csv
Candidate statistics: /home/karthik/Desktop/Karthikeya/genadv/highwayonly/highway_canonical_baselines_package/highway_canonical_baselines/policy_results/seed_3/Karthikeya27adv8highway/state_candidate_statistics.csv
Evicted candidate history: /home/karthik/Desktop/Karthikeya/genadv/highwayonly/highway_canonical_baselines_package/highway_canonical_baselines/policy_results/seed_3/Karthikeya27adv8highway/state_evicted_candidate_history.csv
Matching calibration: /home/karthik/Desktop/Karthikeya/genadv/highwayonly/highway_canonical_baselines_package/highway_canonical_baselines/policy_results/seed_3/Karthikeya27adv8highway/state_matching_calibration.csv
Matching rejection statistics: /home/karthik/Desktop/Karthikeya/genadv/highwayonly/highway_canonical_baselines_package/highway_canonical_baselines/policy_results/seed_3/Karthikeya27adv8highway/state_matching_rejection_statistics.csv
Capacity growth: /home/karthik/Desktop/Karthikeya/genadv/highwayonly/highway_canonical_baselines_package/highway_canonical_baselines/policy_results/seed_3/Karthikeya27adv8highway/state_pool_capacity_growth.csv
Retired pool statistics: /home/karthik/Desktop/Karthikeya/genadv/highwayonly/highway_canonical_baselines_package/highway_canonical_baselines/policy_results/seed_3/Karthikeya27adv8highway/state_retired_pool_statistics.csv
Hazard memory statistics: /home/karthik/Desktop/Karthikeya/genadv/highwayonly/highway_canonical_baselines_package/highway_canonical_baselines/policy_results/seed_3/Karthikeya27adv8highway/state_hazard_memory_statistics.csv
Runtime statistics: /home/karthik/Desktop/Karthikeya/genadv/highwayonly/highway_canonical_baselines_package/highway_canonical_baselines/policy_results/seed_3/Karthikeya27adv8highway/runtime_statistics.csv
Manifest: /home/karthik/Desktop/Karthikeya/genadv/highwayonly/highway_canonical_baselines_package/highway_canonical_baselines/policy_results/seed_3/Karthikeya27adv8highway/manifest.json
Pool occupancy plot: /home/karthik/Desktop/Karthikeya/genadv/highwayonly/highway_canonical_baselines_package/highway_canonical_baselines/policy_results/seed_3/Karthikeya27adv8highway/plots/state_pool_occupancy.png
Policy folder name: Karthikeya27adv8highway
Results saved to: /home/karthik/Desktop/Karthikeya/genadv/highwayonly/highway_canonical_baselines_package/highway_canonical_baselines/policy_results/seed_3/Karthikeya27adv8highway
===== SEED 3: POLICY FINISHED =====
===== SEED 3: COMPARISON START =====
Timed baseline source: /home/karthik/Desktop/Karthikeya/genadv/highwayonly/highway_canonical_baselines_package/highway_canonical_baselines/canonical_baselines_timed/seed_3
Output directory: /home/karthik/Desktop/Karthikeya/genadv/highwayonly/highway_canonical_baselines_package/highway_canonical_baselines/comparisons/seed_3/Karthikeya27adv8highway_timed
Eight-graph compact comparison saved to: /home/karthik/Desktop/Karthikeya/genadv/highwayonly/highway_canonical_baselines_package/highway_canonical_baselines/comparisons/seed_3/Karthikeya27adv8highway_timed
===== SEED 3: COMPARISON FINISHED =====
===== SEED 33: KARTHIKEYA27ADV8HIGHWAY START =====
============================================================================
HIGHWAYENV KARTHIKEYA27ADV8HIGHWAY RETAINED-EVIDENCE SAFETY POLICY
============================================================================
Python: 3.11.15
PyTorch: 2.13.0+cu130
HighwayEnv: 1.12.0
Device: cuda
Experiments: Karthikeya27adv8highway
Plain DQN + Target + Replay + Adam: yes
RND intrinsic reward: no
Count-based intrinsic reward: no
Frozen Pure-DQN testing only: yes
Train/Test/Max steps: 500 300 500
Training seeds: 33 through 532
Testing seeds: 100000 through 100299
Discrete actions: 9
Learning rate: 5e-05
Output directory: /home/karthik/Desktop/Karthikeya/genadv/highwayonly/highway_canonical_baselines_package/highway_canonical_baselines/policy_results/seed_33/Karthikeya27adv8highway
Policy name: Karthikeya27adv8highway
Initial combined active + retired pools: 500
Maximum permanent capacity: 500
Adaptive capacity formula applied: False
Pool general representation: full flattened observation
Pool safety representation: lane_boundary_clearance, nearest_collision_hazard_center_distance, absolute_lane_offset, absolute_heading_error, ego_speed_km_h
Unified record statuses: CANDIDATE | ACTIVE | RETIRED | HAZARD
Lookup: safety-strict HAZARD + ACTIVE -> RETIRED -> CANDIDATE
Testing policy: frozen pure DQN
Auto threshold calibration: True
Calibration state target: 500
Candidate soft limit: 250
Candidate hard limit: 300
Candidate batch eviction count: 50
Candidate promotion visits: 2
Hazard-memory capacity: 250
Hazard-memory fraction: 0.5
Clean outcomes required for SAFE: 1
Delayed safety horizon: 2
Minimum progress reward for SAFE: 0.0
Warnings required to block: 2
First-pass priority: highest-Q SAFE, then UNKNOWN; BLOCKED excluded
Candidate centroid shift threshold: 0.01
Candidate stable updates: 1
Maximum candidate centroid updates: 3
Overwrite existing completed run: False
State similarity threshold: 0.88
Permanent RMS threshold: 0.35
Candidate cosine threshold: 0.88
Candidate RMS threshold: 0.4
General matching: RMS plus cosine when norms are stable
Normal general-match cosine/RMS relaxation: 0.03 0.1
Relaxed general matching keeps both safety gates strict: yes
Safety matching gate: RMS distance plus cosine when norms are stable
Capacity-pressure fallback: True
Capacity fallback scope: candidate hard limit, permanent capacity, or eviction
Capacity fallback cosine/RMS relaxation: 0.03 0.2
Capacity fallback safety improvement: 0.05
Directional safety: lane/threat larger; offset/heading smaller
Speed directional fallback requirement: no; strict gates only
Capacity-fallback safety gates relaxed: no
Pool representatives use adaptive centroid freezing: yes
Centroid shift threshold: 0.01
Consecutive stable updates required: 2
Maximum centroid updates per pool: 6
Centroid stability distance threshold: 0.15
Pool-active training fraction: 0.9
Final pure-DQN argmax training fraction: 0.09999999999999998
Final phase: pure DQN argmax; no pool lookup, safety extraction, or safety masks
Pool mutations disabled from episode: 450
Similarity metrics: cosine similarity + RMS distance
Pool lookup: preallocated vectorized linear matching
Representative storage dtype: float32
Replay sampling: indexed ring buffer, O(batch_size)
Test safety extraction: no (pure-DQN argmax only)
Available actions per new pool: 9
Candidate visits use outcome-filtered DQN ranking: yes
Candidate actions are recorded for mask initialization: yes
Promotion occurs before promotion-visit action selection: yes
Active initial pass: every eligible non-BLOCKED action once
Scheduled UNKNOWN-only passes: 1
UNKNOWN pass excludes BLOCKED actions: yes
Final UNKNOWN action waits for its configured safety horizon: 2
Missing safety: skip pools and use fresh DQN argmax
Retired post-pass selection: 90% greedy, 10% UNKNOWN-only random
Post-pass greedy: highest-Q across SAFE and UNKNOWN
Post-pass random eligibility: UNKNOWN only; never SAFE or BLOCKED
No UNKNOWN on random draw: fall back to eligible DQN maximum
BLOCKED actions excluded while SAFE or UNKNOWN is available
All-BLOCKED fallback: least failures, then highest fresh DQN Q
Collision/out-of-road penalties: 50.0 50.0
Time-limit truncations bootstrap in replay: yes
Stored retired action values or rankings: no
Removal: clear selected bit in O(1)
Promotion and retirement: O(1) status-tag changes
Pass advance/retirement: after observing final transition
Absolute permanent capacity full: do not create new candidates; use maximum-Q
Availability mask refills: once, for the UNKNOWN-only pass
RMST event/tau: collision 500
============================================================================

===== TRAINING START: Karthikeya27adv8highway =====
TRAIN Karthikeya27adv8highway ep=025 reward=  -50.000 steps=  1 term=out_of_road collision=False wall=0.16s loss=0.000000
TRAIN Karthikeya27adv8highway ep=050 reward=  -49.950 steps=  2 term=out_of_road collision=False wall=0.34s loss=27.893980
TRAIN Karthikeya27adv8highway ep=075 reward=  -42.000 steps= 17 term=collision   collision=True  wall=2.72s loss=11.971360
TRAIN Karthikeya27adv8highway ep=100 reward=  -48.750 steps=  4 term=out_of_road collision=False wall=0.63s loss=7.339648
TRAIN Karthikeya27adv8highway ep=125 reward=  -49.185 steps=  3 term=out_of_road collision=False wall=0.48s loss=11.118165
TRAIN Karthikeya27adv8highway ep=150 reward=  -43.100 steps=  9 term=collision   collision=True  wall=1.43s loss=9.941689
TRAIN Karthikeya27adv8highway ep=175 reward=  -49.900 steps=  2 term=out_of_road collision=False wall=0.33s loss=9.929907
TRAIN Karthikeya27adv8highway ep=200 reward=  -50.000 steps=  2 term=out_of_road collision=False wall=0.32s loss=11.572896
TRAIN Karthikeya27adv8highway ep=225 reward=  -46.700 steps=  4 term=out_of_road collision=False wall=0.63s loss=10.860881
TRAIN Karthikeya27adv8highway ep=250 reward=  -49.400 steps= 10 term=out_of_road collision=False wall=1.55s loss=9.761477
TRAIN Karthikeya27adv8highway ep=275 reward=  -49.200 steps=  5 term=out_of_road collision=False wall=0.79s loss=9.816228
TRAIN Karthikeya27adv8highway ep=300 reward=  -49.609 steps=  3 term=out_of_road collision=False wall=0.51s loss=10.247866
TRAIN Karthikeya27adv8highway ep=325 reward=  -48.850 steps=  3 term=out_of_road collision=False wall=0.48s loss=10.902519
TRAIN Karthikeya27adv8highway ep=350 reward=  -48.319 steps=  3 term=collision   collision=True  wall=0.49s loss=9.648431
TRAIN Karthikeya27adv8highway ep=375 reward=  -40.900 steps= 10 term=collision   collision=True  wall=1.66s loss=8.742892
TRAIN Karthikeya27adv8highway ep=400 reward=  -47.800 steps=  3 term=collision   collision=True  wall=0.49s loss=10.183358
TRAIN Karthikeya27adv8highway ep=425 reward=  -49.900 steps=  2 term=out_of_road collision=False wall=0.33s loss=7.950707
TRAIN Karthikeya27adv8highway ep=450 reward=  -46.466 steps=  6 term=out_of_road collision=False wall=0.97s loss=11.455566
