nohup: ignoring input
===== SEED 13: START =====
===== SEED 13: TRAINING BASELINES: epsilon noisy rnd =====

===== TRAIN Epsilon Greedy / seed 13 =====
Epsilon Greedy train 25/500
Epsilon Greedy train 50/500
Epsilon Greedy train 75/500
Epsilon Greedy train 100/500
Epsilon Greedy train 125/500
Epsilon Greedy train 150/500
Epsilon Greedy train 175/500
Epsilon Greedy train 200/500
Epsilon Greedy train 225/500
Epsilon Greedy train 250/500
Epsilon Greedy train 275/500
Epsilon Greedy train 300/500
Epsilon Greedy train 325/500
Epsilon Greedy train 350/500
Epsilon Greedy train 375/500
Epsilon Greedy train 400/500
Epsilon Greedy train 425/500
Epsilon Greedy train 450/500
Epsilon Greedy train 475/500
Epsilon Greedy train 500/500
Epsilon Greedy training duration: 652.55s wall, 651.66s CPU
Epsilon Greedy testing final episode-500 model
===== TEST Epsilon Greedy / seed 13 =====
Epsilon Greedy test 25/300
Epsilon Greedy test 50/300
Epsilon Greedy test 75/300
Epsilon Greedy test 100/300
Epsilon Greedy test 125/300
Epsilon Greedy test 150/300
Epsilon Greedy test 175/300
Epsilon Greedy test 200/300
Epsilon Greedy test 225/300
Epsilon Greedy test 250/300
Epsilon Greedy test 275/300
Epsilon Greedy test 300/300
Epsilon Greedy testing duration: 433.23s wall, 432.70s CPU

===== TRAIN NoisyNet DQN / seed 13 =====
NoisyNet DQN train 25/500
NoisyNet DQN train 50/500
NoisyNet DQN train 75/500
NoisyNet DQN train 100/500
NoisyNet DQN train 125/500
NoisyNet DQN train 150/500
NoisyNet DQN train 175/500
NoisyNet DQN train 200/500
NoisyNet DQN train 225/500
NoisyNet DQN train 250/500
NoisyNet DQN train 275/500
NoisyNet DQN train 300/500
NoisyNet DQN train 325/500
NoisyNet DQN train 350/500
NoisyNet DQN train 375/500
NoisyNet DQN train 400/500
NoisyNet DQN train 425/500
NoisyNet DQN train 450/500
NoisyNet DQN train 475/500
NoisyNet DQN train 500/500
NoisyNet DQN training duration: 762.45s wall, 761.87s CPU
NoisyNet DQN testing final episode-500 model
===== TEST NoisyNet DQN / seed 13 =====
NoisyNet DQN test 25/300
NoisyNet DQN test 50/300
NoisyNet DQN test 75/300
NoisyNet DQN test 100/300
NoisyNet DQN test 125/300
NoisyNet DQN test 150/300
NoisyNet DQN test 175/300
NoisyNet DQN test 200/300
NoisyNet DQN test 225/300
NoisyNet DQN test 250/300
NoisyNet DQN test 275/300
NoisyNet DQN test 300/300
NoisyNet DQN testing duration: 472.70s wall, 472.49s CPU

===== TRAIN DQN + RND / seed 13 =====
DQN + RND train 25/500
DQN + RND train 50/500
DQN + RND train 75/500
DQN + RND train 100/500
DQN + RND train 125/500
DQN + RND train 150/500
DQN + RND train 175/500
DQN + RND train 200/500
DQN + RND train 225/500
DQN + RND train 250/500
DQN + RND train 275/500
DQN + RND train 300/500
DQN + RND train 325/500
DQN + RND train 350/500
DQN + RND train 375/500
DQN + RND train 400/500
DQN + RND train 425/500
DQN + RND train 450/500
DQN + RND train 475/500
DQN + RND train 500/500
DQN + RND training duration: 660.03s wall, 658.98s CPU
DQN + RND testing final episode-500 model
===== TEST DQN + RND / seed 13 =====
DQN + RND test 25/300
DQN + RND test 50/300
DQN + RND test 75/300
DQN + RND test 100/300
DQN + RND test 125/300
DQN + RND test 150/300
